Correcci√≥n de la entrega:

F.....
======================================================================
FAIL: test_album_incompleto (tests.test_semana_03.TestAlbumFiguritas)
----------------------------------------------------------------------
Traceback (most recent call last):
  File "/home/mlopez/.local/lib/python3.10/site-packages/timeout_decorator/timeout_decorator.py", line 82, in new_function
    return function(*args, **kwargs)
  File "/home/mlopez/git/homework-checker/01_getting_data/tests/test_semana_03.py", line 18, in test_album_incompleto
    self.assertTrue(semana_03.album_incompleto([0, 0, 0]))
AssertionError: False is not true

----------------------------------------------------------------------
Ran 6 tests in 0.008s

FAILED (failures=1)

